C:\USERS\ADMINISTRATEUR\DESKTOP\POLYTECH_BR\VISUAL\PCPP1_DI3\PROJETMATRICE\PROJETMATRICE\DEBUG\CEXCEPTIONS.OBJ
C:\USERS\ADMINISTRATEUR\DESKTOP\POLYTECH_BR\VISUAL\PCPP1_DI3\PROJETMATRICE\PROJETMATRICE\DEBUG\CPARSEUR.OBJ
C:\USERS\ADMINISTRATEUR\DESKTOP\POLYTECH_BR\VISUAL\PCPP1_DI3\PROJETMATRICE\PROJETMATRICE\DEBUG\PROJETMATRICE.OBJ
C:\USERS\ADMINISTRATEUR\DESKTOP\POLYTECH_BR\VISUAL\PCPP1_DI3\PROJETMATRICE\PROJETMATRICE\DEBUG\VC110.PDB
C:\USERS\ADMINISTRATEUR\DESKTOP\POLYTECH_BR\VISUAL\PCPP1_DI3\PROJETMATRICE\DEBUG\PROJETMATRICE.ILK
C:\USERS\ADMINISTRATEUR\DESKTOP\POLYTECH_BR\VISUAL\PCPP1_DI3\PROJETMATRICE\DEBUG\PROJETMATRICE.EXE
C:\USERS\ADMINISTRATEUR\DESKTOP\POLYTECH_BR\VISUAL\PCPP1_DI3\PROJETMATRICE\DEBUG\PROJETMATRICE.PDB
C:\Users\Administrateur\Desktop\Polytech_BR\Visual\PCPP1_DI3\ProjetMatrice\ProjetMatrice\Debug\CExceptions.obj
C:\Users\Administrateur\Desktop\Polytech_BR\Visual\PCPP1_DI3\ProjetMatrice\ProjetMatrice\Debug\CParseur.obj
C:\Users\Administrateur\Desktop\Polytech_BR\Visual\PCPP1_DI3\ProjetMatrice\ProjetMatrice\Debug\cl.command.1.tlog
C:\Users\Administrateur\Desktop\Polytech_BR\Visual\PCPP1_DI3\ProjetMatrice\ProjetMatrice\Debug\CL.read.1.tlog
C:\Users\Administrateur\Desktop\Polytech_BR\Visual\PCPP1_DI3\ProjetMatrice\ProjetMatrice\Debug\CL.write.1.tlog
C:\Users\Administrateur\Desktop\Polytech_BR\Visual\PCPP1_DI3\ProjetMatrice\ProjetMatrice\Debug\link-cvtres.read.1.tlog
C:\Users\Administrateur\Desktop\Polytech_BR\Visual\PCPP1_DI3\ProjetMatrice\ProjetMatrice\Debug\link-cvtres.write.1.tlog
C:\Users\Administrateur\Desktop\Polytech_BR\Visual\PCPP1_DI3\ProjetMatrice\ProjetMatrice\Debug\link-rc.read.1.tlog
C:\Users\Administrateur\Desktop\Polytech_BR\Visual\PCPP1_DI3\ProjetMatrice\ProjetMatrice\Debug\link-rc.write.1.tlog
C:\Users\Administrateur\Desktop\Polytech_BR\Visual\PCPP1_DI3\ProjetMatrice\ProjetMatrice\Debug\link.1472-cvtres.read.1.tlog
C:\Users\Administrateur\Desktop\Polytech_BR\Visual\PCPP1_DI3\ProjetMatrice\ProjetMatrice\Debug\link.1472-cvtres.write.1.tlog
C:\Users\Administrateur\Desktop\Polytech_BR\Visual\PCPP1_DI3\ProjetMatrice\ProjetMatrice\Debug\link.1472-rc.read.1.tlog
C:\Users\Administrateur\Desktop\Polytech_BR\Visual\PCPP1_DI3\ProjetMatrice\ProjetMatrice\Debug\link.1472-rc.write.1.tlog
C:\Users\Administrateur\Desktop\Polytech_BR\Visual\PCPP1_DI3\ProjetMatrice\ProjetMatrice\Debug\link.1472.read.1.tlog
C:\Users\Administrateur\Desktop\Polytech_BR\Visual\PCPP1_DI3\ProjetMatrice\ProjetMatrice\Debug\link.1472.write.1.tlog
C:\Users\Administrateur\Desktop\Polytech_BR\Visual\PCPP1_DI3\ProjetMatrice\ProjetMatrice\Debug\link.1624-cvtres.read.1.tlog
C:\Users\Administrateur\Desktop\Polytech_BR\Visual\PCPP1_DI3\ProjetMatrice\ProjetMatrice\Debug\link.1624-cvtres.write.1.tlog
C:\Users\Administrateur\Desktop\Polytech_BR\Visual\PCPP1_DI3\ProjetMatrice\ProjetMatrice\Debug\link.1624-rc.read.1.tlog
C:\Users\Administrateur\Desktop\Polytech_BR\Visual\PCPP1_DI3\ProjetMatrice\ProjetMatrice\Debug\link.1624-rc.write.1.tlog
C:\Users\Administrateur\Desktop\Polytech_BR\Visual\PCPP1_DI3\ProjetMatrice\ProjetMatrice\Debug\link.1624.read.1.tlog
C:\Users\Administrateur\Desktop\Polytech_BR\Visual\PCPP1_DI3\ProjetMatrice\ProjetMatrice\Debug\link.1624.write.1.tlog
C:\Users\Administrateur\Desktop\Polytech_BR\Visual\PCPP1_DI3\ProjetMatrice\ProjetMatrice\Debug\link.2188-cvtres.read.1.tlog
C:\Users\Administrateur\Desktop\Polytech_BR\Visual\PCPP1_DI3\ProjetMatrice\ProjetMatrice\Debug\link.2188-cvtres.write.1.tlog
C:\Users\Administrateur\Desktop\Polytech_BR\Visual\PCPP1_DI3\ProjetMatrice\ProjetMatrice\Debug\link.2188-rc.read.1.tlog
C:\Users\Administrateur\Desktop\Polytech_BR\Visual\PCPP1_DI3\ProjetMatrice\ProjetMatrice\Debug\link.2188-rc.write.1.tlog
C:\Users\Administrateur\Desktop\Polytech_BR\Visual\PCPP1_DI3\ProjetMatrice\ProjetMatrice\Debug\link.2188.read.1.tlog
C:\Users\Administrateur\Desktop\Polytech_BR\Visual\PCPP1_DI3\ProjetMatrice\ProjetMatrice\Debug\link.2188.write.1.tlog
C:\Users\Administrateur\Desktop\Polytech_BR\Visual\PCPP1_DI3\ProjetMatrice\ProjetMatrice\Debug\link.2992-cvtres.read.1.tlog
C:\Users\Administrateur\Desktop\Polytech_BR\Visual\PCPP1_DI3\ProjetMatrice\ProjetMatrice\Debug\link.2992-cvtres.write.1.tlog
C:\Users\Administrateur\Desktop\Polytech_BR\Visual\PCPP1_DI3\ProjetMatrice\ProjetMatrice\Debug\link.2992-rc.read.1.tlog
C:\Users\Administrateur\Desktop\Polytech_BR\Visual\PCPP1_DI3\ProjetMatrice\ProjetMatrice\Debug\link.2992-rc.write.1.tlog
C:\Users\Administrateur\Desktop\Polytech_BR\Visual\PCPP1_DI3\ProjetMatrice\ProjetMatrice\Debug\link.2992.read.1.tlog
C:\Users\Administrateur\Desktop\Polytech_BR\Visual\PCPP1_DI3\ProjetMatrice\ProjetMatrice\Debug\link.2992.write.1.tlog
C:\Users\Administrateur\Desktop\Polytech_BR\Visual\PCPP1_DI3\ProjetMatrice\ProjetMatrice\Debug\link.3656-cvtres.read.1.tlog
C:\Users\Administrateur\Desktop\Polytech_BR\Visual\PCPP1_DI3\ProjetMatrice\ProjetMatrice\Debug\link.3656-cvtres.write.1.tlog
C:\Users\Administrateur\Desktop\Polytech_BR\Visual\PCPP1_DI3\ProjetMatrice\ProjetMatrice\Debug\link.3656-rc.read.1.tlog
C:\Users\Administrateur\Desktop\Polytech_BR\Visual\PCPP1_DI3\ProjetMatrice\ProjetMatrice\Debug\link.3656-rc.write.1.tlog
C:\Users\Administrateur\Desktop\Polytech_BR\Visual\PCPP1_DI3\ProjetMatrice\ProjetMatrice\Debug\link.3656.read.1.tlog
C:\Users\Administrateur\Desktop\Polytech_BR\Visual\PCPP1_DI3\ProjetMatrice\ProjetMatrice\Debug\link.3656.write.1.tlog
C:\Users\Administrateur\Desktop\Polytech_BR\Visual\PCPP1_DI3\ProjetMatrice\ProjetMatrice\Debug\link.3932-cvtres.read.1.tlog
C:\Users\Administrateur\Desktop\Polytech_BR\Visual\PCPP1_DI3\ProjetMatrice\ProjetMatrice\Debug\link.3932-cvtres.write.1.tlog
C:\Users\Administrateur\Desktop\Polytech_BR\Visual\PCPP1_DI3\ProjetMatrice\ProjetMatrice\Debug\link.3932-rc.read.1.tlog
C:\Users\Administrateur\Desktop\Polytech_BR\Visual\PCPP1_DI3\ProjetMatrice\ProjetMatrice\Debug\link.3932-rc.write.1.tlog
C:\Users\Administrateur\Desktop\Polytech_BR\Visual\PCPP1_DI3\ProjetMatrice\ProjetMatrice\Debug\link.3932.read.1.tlog
C:\Users\Administrateur\Desktop\Polytech_BR\Visual\PCPP1_DI3\ProjetMatrice\ProjetMatrice\Debug\link.3932.write.1.tlog
C:\Users\Administrateur\Desktop\Polytech_BR\Visual\PCPP1_DI3\ProjetMatrice\ProjetMatrice\Debug\link.command.1.tlog
C:\Users\Administrateur\Desktop\Polytech_BR\Visual\PCPP1_DI3\ProjetMatrice\ProjetMatrice\Debug\link.read.1.tlog
C:\Users\Administrateur\Desktop\Polytech_BR\Visual\PCPP1_DI3\ProjetMatrice\ProjetMatrice\Debug\link.write.1.tlog
C:\Users\Administrateur\Desktop\Polytech_BR\Visual\PCPP1_DI3\ProjetMatrice\ProjetMatrice\Debug\vc110.idb
C:\Users\Administrateur\Desktop\Polytech_BR\Visual\PCPP1_DI3\ProjetMatrice\ProjetMatrice\Debug\vc110.pdb
C:\Users\Administrateur\Desktop\Polytech_BR\Visual\PCPP1_DI3\ProjetMatrice\Debug\ProjetMatrice.pdb
C:\Users\Administrateur\Desktop\Polytech_BR\Visual\PCPP1_DI3\ProjetMatrice\Debug\ProjetMatrice.exe
C:\Users\Administrateur\Desktop\Polytech_BR\Visual\PCPP1_DI3\ProjetMatrice\Debug\ProjetMatrice.ilk
