C:\USERS\ADMINISTRATEUR\DESKTOP\POLYTECH_BR\VISUALSTUDIO\PCPP1_DI3\PROJETMATRICE\PROJETMATRICE\DEBUG\CEXCEPTIONS.OBJ
C:\USERS\ADMINISTRATEUR\DESKTOP\POLYTECH_BR\VISUALSTUDIO\PCPP1_DI3\PROJETMATRICE\PROJETMATRICE\DEBUG\CMATRICE.OBJ
C:\USERS\ADMINISTRATEUR\DESKTOP\POLYTECH_BR\VISUALSTUDIO\PCPP1_DI3\PROJETMATRICE\PROJETMATRICE\DEBUG\CPARSEUR.OBJ
C:\USERS\ADMINISTRATEUR\DESKTOP\POLYTECH_BR\VISUALSTUDIO\PCPP1_DI3\PROJETMATRICE\PROJETMATRICE\DEBUG\PROJET_MATRICE.OBJ
C:\USERS\ADMINISTRATEUR\DESKTOP\POLYTECH_BR\VISUALSTUDIO\PCPP1_DI3\PROJETMATRICE\PROJETMATRICE\DEBUG\VC110.PDB
C:\Users\Administrateur\Desktop\Polytech_BR\VisualStudio\PCPP1_DI3\ProjetMatrice\ProjetMatrice\Debug\CExceptions.obj
C:\Users\Administrateur\Desktop\Polytech_BR\VisualStudio\PCPP1_DI3\ProjetMatrice\ProjetMatrice\Debug\CMatrice.obj
C:\Users\Administrateur\Desktop\Polytech_BR\VisualStudio\PCPP1_DI3\ProjetMatrice\ProjetMatrice\Debug\CParseur.obj
C:\Users\Administrateur\Desktop\Polytech_BR\VisualStudio\PCPP1_DI3\ProjetMatrice\ProjetMatrice\Debug\Projet_Matrice.obj
C:\Users\Administrateur\Desktop\Polytech_BR\VisualStudio\PCPP1_DI3\ProjetMatrice\ProjetMatrice\Debug\cl.command.1.tlog
C:\Users\Administrateur\Desktop\Polytech_BR\VisualStudio\PCPP1_DI3\ProjetMatrice\ProjetMatrice\Debug\CL.read.1.tlog
C:\Users\Administrateur\Desktop\Polytech_BR\VisualStudio\PCPP1_DI3\ProjetMatrice\ProjetMatrice\Debug\CL.write.1.tlog
C:\Users\Administrateur\Desktop\Polytech_BR\VisualStudio\PCPP1_DI3\ProjetMatrice\ProjetMatrice\Debug\link-cvtres.read.1.tlog
C:\Users\Administrateur\Desktop\Polytech_BR\VisualStudio\PCPP1_DI3\ProjetMatrice\ProjetMatrice\Debug\link-cvtres.write.1.tlog
C:\Users\Administrateur\Desktop\Polytech_BR\VisualStudio\PCPP1_DI3\ProjetMatrice\ProjetMatrice\Debug\link-rc.read.1.tlog
C:\Users\Administrateur\Desktop\Polytech_BR\VisualStudio\PCPP1_DI3\ProjetMatrice\ProjetMatrice\Debug\link-rc.write.1.tlog
C:\Users\Administrateur\Desktop\Polytech_BR\VisualStudio\PCPP1_DI3\ProjetMatrice\ProjetMatrice\Debug\link.command.1.tlog
C:\Users\Administrateur\Desktop\Polytech_BR\VisualStudio\PCPP1_DI3\ProjetMatrice\ProjetMatrice\Debug\link.read.1.tlog
C:\Users\Administrateur\Desktop\Polytech_BR\VisualStudio\PCPP1_DI3\ProjetMatrice\ProjetMatrice\Debug\link.write.1.tlog
C:\Users\Administrateur\Desktop\Polytech_BR\VisualStudio\PCPP1_DI3\ProjetMatrice\ProjetMatrice\Debug\vc110.idb
C:\Users\Administrateur\Desktop\Polytech_BR\VisualStudio\PCPP1_DI3\ProjetMatrice\ProjetMatrice\Debug\vc110.pdb
C:\Users\Administrateur\Desktop\Polytech_BR\VisualStudio\PCPP1_DI3\ProjetMatrice\Debug\ProjetMatrice.pdb
